1508609320610	geckodriver	INFO	geckodriver 0.19.0
1508609320629	geckodriver	INFO	Listening on 127.0.0.1:39229
1508609322435	mozrunner::runner	INFO	Running command: "/usr/bin/firefox" "-marionette" "-profile" "/tmp/rust_mozprofile.ehUCEBsxdOt3"
1508609331560	Marionette	INFO	Enabled via --marionette
1508609345314	Marionette	INFO	Listening on port 35672
JavaScript error: chrome://marionette/content/server.js, line 337: NS_ERROR_SOCKET_ADDRESS_IN_USE: Component returned failure code: 0x804b0036 (NS_ERROR_SOCKET_ADDRESS_IN_USE) [nsIServerSocket.initSpecialConnection]
1508609345734	Marionette	DEBUG	loaded listener.js
1508609565326	geckodriver	INFO	geckodriver 0.19.0
1508609565345	geckodriver	INFO	Listening on 127.0.0.1:46760
1508609567342	mozrunner::runner	INFO	Running command: "/usr/bin/firefox" "-marionette" "-profile" "/tmp/rust_mozprofile.LWpIT9sNV4v1"
1508609572020	Marionette	INFO	Enabled via --marionette
1508609585089	Marionette	INFO	Listening on port 44511
1508609585256	Marionette	WARN	TLS certificate errors will be ignored for this session
JavaScript error: chrome://marionette/content/server.js, line 337: NS_ERROR_SOCKET_ADDRESS_IN_USE: Component returned failure code: 0x804b0036 (NS_ERROR_SOCKET_ADDRESS_IN_USE) [nsIServerSocket.initSpecialConnection]
1508609585608	Marionette	DEBUG	loaded listener.js
1508609585736	Marionette	DEBUG	Received DOM event "beforeunload" for "about:blank"
1508609586154	Marionette	DEBUG	Received DOM event "pagehide" for "about:blank"
1508609586156	Marionette	DEBUG	Received DOM event "unload" for "about:blank"
1508609589983	Marionette	DEBUG	Received DOM event "DOMContentLoaded" for "http://stats.nba.com/game/0021700001/"
1508609600196	Marionette	DEBUG	Received DOM event "DOMContentLoaded" for "http://cdn.krxd.net/partnerjs/xdi/proxy.3d2100fd7107262ecb55ce6847f01fa5.html#!kxcid=ITcATbN4&kxt=http%3A%2F%2Fstats.nba.com&kxcl=cdn&kxp="
1508609600208	Marionette	DEBUG	Received DOM event "DOMContentLoaded" for "http://s.amazon-adsystem.com/iu3?cm3ppd=1&d=dtb-pub&csif=t&dl=ox_an&dcc=t"
1508609600635	Marionette	DEBUG	Received DOM event "DOMContentLoaded" for "http://s.amazon-adsystem.com/v3/pr?exlist=ox_an&fv=1.0&a=cm&cm3ppd=1"
1508609601323	Marionette	DEBUG	Received DOM event "pageshow" for "http://cdn.krxd.net/partnerjs/xdi/proxy.3d2100fd7107262ecb55ce6847f01fa5.html#!kxcid=ITcATbN4&kxt=http%3A%2F%2Fstats.nba.com&kxcl=cdn&kxp="
1508609605706	Marionette	DEBUG	Received DOM event "DOMContentLoaded" for "http://us-u.openx.net/w/1.0/cm?cc=1&id=e818ca1e-0c23-caa8-0dd3-096b0ada08b7&ph=2d1251ae-7f3a-47cf-bd2a-2f288854a0ba&plm=5&r=http%3A%2F%2Fs.amazon-adsystem.com%2Fecm3%3Fex%3Dopenx.com%26id%3D"
1508609605918	Marionette	DEBUG	Received DOM event "pageshow" for "http://s.amazon-adsystem.com/ecm3?id=4426648520463242792&ex=appnexus.com"
1508609611145	Marionette	DEBUG	Received DOM event "pageshow" for "http://us-u.openx.net/w/1.0/cm?cc=1&id=e818ca1e-0c23-caa8-0dd3-096b0ada08b7&ph=2d1251ae-7f3a-47cf-bd2a-2f288854a0ba&plm=5&r=http%3A%2F%2Fs.amazon-adsystem.com%2Fecm3%3Fex%3Dopenx.com%26id%3D"
1508609611163	Marionette	DEBUG	Received DOM event "pageshow" for "http://s.amazon-adsystem.com/v3/pr?exlist=ox_an&fv=1.0&a=cm&cm3ppd=1"
1508609611172	Marionette	DEBUG	Received DOM event "pageshow" for "http://s.amazon-adsystem.com/iu3?cm3ppd=1&d=dtb-pub&csif=t&dl=ox_an&dcc=t"
1508609611206	Marionette	DEBUG	Received DOM event "pageshow" for "http://stats.nba.com/game/0021700001/"
[Child 5767] WARNING: pipe error (3): Connection reset by peer: file /build/firefox-u8pFmh/firefox-55.0.1+linuxmint1+sonya/ipc/chromium/src/chrome/common/ipc_channel_posix.cc, line 353
1508609772260	geckodriver	INFO	geckodriver 0.19.0
1508609772277	geckodriver	INFO	Listening on 127.0.0.1:52256
1508609774069	mozrunner::runner	INFO	Running command: "/usr/bin/firefox" "-marionette" "-profile" "/tmp/rust_mozprofile.2bqMtjx7xEvr"
1508609777850	Marionette	INFO	Enabled via --marionette
1508609788316	Marionette	INFO	Listening on port 39747
1508609788540	Marionette	WARN	TLS certificate errors will be ignored for this session
JavaScript error: chrome://marionette/content/server.js, line 337: NS_ERROR_SOCKET_ADDRESS_IN_USE: Component returned failure code: 0x804b0036 (NS_ERROR_SOCKET_ADDRESS_IN_USE) [nsIServerSocket.initSpecialConnection]
1508609788806	Marionette	DEBUG	loaded listener.js
1508609789077	Marionette	DEBUG	Received DOM event "beforeunload" for "about:blank"
1508609789682	Marionette	DEBUG	Received DOM event "pagehide" for "about:blank"
1508609789683	Marionette	DEBUG	Received DOM event "unload" for "about:blank"
1508609795981	Marionette	DEBUG	Received DOM event "DOMContentLoaded" for "http://stats.nba.com/game/0021700001/"
1508609803717	Marionette	DEBUG	Received DOM event "DOMContentLoaded" for "http://cdn.krxd.net/partnerjs/xdi/proxy.3d2100fd7107262ecb55ce6847f01fa5.html#!kxcid=ITcATbN4&kxt=http%3A%2F%2Fstats.nba.com&kxcl=cdn&kxp="
1508609803728	Marionette	DEBUG	Received DOM event "DOMContentLoaded" for "http://s.amazon-adsystem.com/iu3?cm3ppd=1&d=dtb-pub&csif=t&dl=ox_an&dcc=t"
1508609805092	Marionette	DEBUG	Received DOM event "DOMContentLoaded" for "http://s.amazon-adsystem.com/v3/pr?exlist=ox_an&fv=1.0&a=cm&cm3ppd=1"
1508609809223	Marionette	DEBUG	Received DOM event "pageshow" for "http://cdn.krxd.net/partnerjs/xdi/proxy.3d2100fd7107262ecb55ce6847f01fa5.html#!kxcid=ITcATbN4&kxt=http%3A%2F%2Fstats.nba.com&kxcl=cdn&kxp="
1508609809345	Marionette	DEBUG	Received DOM event "DOMContentLoaded" for "http://us-u.openx.net/w/1.0/cm?cc=1&id=e818ca1e-0c23-caa8-0dd3-096b0ada08b7&ph=2d1251ae-7f3a-47cf-bd2a-2f288854a0ba&plm=5&r=http%3A%2F%2Fs.amazon-adsystem.com%2Fecm3%3Fex%3Dopenx.com%26id%3D"
1508609809993	Marionette	DEBUG	Received DOM event "pageshow" for "http://s.amazon-adsystem.com/ecm3?id=1033111435355205824&ex=appnexus.com"
1508609811164	Marionette	DEBUG	Received DOM event "pageshow" for "http://us-u.openx.net/w/1.0/cm?cc=1&id=e818ca1e-0c23-caa8-0dd3-096b0ada08b7&ph=2d1251ae-7f3a-47cf-bd2a-2f288854a0ba&plm=5&r=http%3A%2F%2Fs.amazon-adsystem.com%2Fecm3%3Fex%3Dopenx.com%26id%3D"
1508609811172	Marionette	DEBUG	Received DOM event "pageshow" for "http://s.amazon-adsystem.com/v3/pr?exlist=ox_an&fv=1.0&a=cm&cm3ppd=1"
1508609811179	Marionette	DEBUG	Received DOM event "pageshow" for "http://s.amazon-adsystem.com/iu3?cm3ppd=1&d=dtb-pub&csif=t&dl=ox_an&dcc=t"
1508609812858	Marionette	DEBUG	Received DOM event "pageshow" for "http://stats.nba.com/game/0021700001/"
1508609850162	geckodriver	INFO	geckodriver 0.19.0
1508609850180	geckodriver	INFO	Listening on 127.0.0.1:56330
1508609851952	mozrunner::runner	INFO	Running command: "/usr/bin/firefox" "-marionette" "-profile" "/tmp/rust_mozprofile.gAy1N3OofJXf"
1508609855663	Marionette	INFO	Enabled via --marionette
1508609865468	Marionette	INFO	Listening on port 37479
1508609865753	Marionette	WARN	TLS certificate errors will be ignored for this session
JavaScript error: chrome://marionette/content/server.js, line 337: NS_ERROR_SOCKET_ADDRESS_IN_USE: Component returned failure code: 0x804b0036 (NS_ERROR_SOCKET_ADDRESS_IN_USE) [nsIServerSocket.initSpecialConnection]
1508609866022	Marionette	DEBUG	loaded listener.js
1508609866249	Marionette	DEBUG	Received DOM event "beforeunload" for "about:blank"
1508609866846	Marionette	DEBUG	Received DOM event "pagehide" for "about:blank"
1508609866848	Marionette	DEBUG	Received DOM event "unload" for "about:blank"
1508609872231	Marionette	DEBUG	Received DOM event "DOMContentLoaded" for "http://stats.nba.com/game/0021700001/"
1508609882008	Marionette	DEBUG	Received DOM event "DOMContentLoaded" for "http://cdn.krxd.net/partnerjs/xdi/proxy.3d2100fd7107262ecb55ce6847f01fa5.html#!kxcid=ITcATbN4&kxt=http%3A%2F%2Fstats.nba.com&kxcl=cdn&kxp="
1508609882015	Marionette	DEBUG	Received DOM event "DOMContentLoaded" for "http://s.amazon-adsystem.com/iu3?cm3ppd=1&d=dtb-pub&csif=t&dl=ox_an&dcc=t"
1508609885607	Marionette	DEBUG	Received DOM event "DOMContentLoaded" for "http://s.amazon-adsystem.com/v3/pr?exlist=ox_an&fv=1.0&a=cm&cm3ppd=1"
1508609886173	Marionette	DEBUG	Received DOM event "pageshow" for "http://cdn.krxd.net/partnerjs/xdi/proxy.3d2100fd7107262ecb55ce6847f01fa5.html#!kxcid=ITcATbN4&kxt=http%3A%2F%2Fstats.nba.com&kxcl=cdn&kxp="
1508609887269	Marionette	DEBUG	Received DOM event "DOMContentLoaded" for "http://us-u.openx.net/w/1.0/cm?cc=1&id=e818ca1e-0c23-caa8-0dd3-096b0ada08b7&ph=2d1251ae-7f3a-47cf-bd2a-2f288854a0ba&plm=5&r=http%3A%2F%2Fs.amazon-adsystem.com%2Fecm3%3Fex%3Dopenx.com%26id%3D"
1508609887346	Marionette	DEBUG	Received DOM event "pageshow" for "http://s.amazon-adsystem.com/ecm3?id=2846169203649201988&ex=appnexus.com"
1508609888773	Marionette	DEBUG	Received DOM event "pageshow" for "http://us-u.openx.net/w/1.0/cm?cc=1&id=e818ca1e-0c23-caa8-0dd3-096b0ada08b7&ph=2d1251ae-7f3a-47cf-bd2a-2f288854a0ba&plm=5&r=http%3A%2F%2Fs.amazon-adsystem.com%2Fecm3%3Fex%3Dopenx.com%26id%3D"
1508609888782	Marionette	DEBUG	Received DOM event "pageshow" for "http://s.amazon-adsystem.com/v3/pr?exlist=ox_an&fv=1.0&a=cm&cm3ppd=1"
1508609888791	Marionette	DEBUG	Received DOM event "pageshow" for "http://s.amazon-adsystem.com/iu3?cm3ppd=1&d=dtb-pub&csif=t&dl=ox_an&dcc=t"
1508609890172	Marionette	DEBUG	Received DOM event "pageshow" for "http://stats.nba.com/game/0021700001/"
1508609989186	geckodriver	INFO	geckodriver 0.19.0
1508609989207	geckodriver	INFO	Listening on 127.0.0.1:51348
1508609990994	mozrunner::runner	INFO	Running command: "/usr/bin/firefox" "-marionette" "-profile" "/tmp/rust_mozprofile.bI4S4Ezagv2u"
1508609994789	Marionette	INFO	Enabled via --marionette
1508610004315	Marionette	INFO	Listening on port 35629
1508610004681	Marionette	WARN	TLS certificate errors will be ignored for this session
1508610004972	Marionette	DEBUG	loaded listener.js
JavaScript error: chrome://marionette/content/server.js, line 337: NS_ERROR_SOCKET_ADDRESS_IN_USE: Component returned failure code: 0x804b0036 (NS_ERROR_SOCKET_ADDRESS_IN_USE) [nsIServerSocket.initSpecialConnection]
1508610005132	Marionette	DEBUG	Received DOM event "beforeunload" for "about:blank"
1508610005796	Marionette	DEBUG	Received DOM event "pagehide" for "about:blank"
1508610005799	Marionette	DEBUG	Received DOM event "unload" for "about:blank"
1508610011098	Marionette	DEBUG	Received DOM event "DOMContentLoaded" for "http://stats.nba.com/game/0021700001/"
1508610019027	Marionette	DEBUG	Received DOM event "DOMContentLoaded" for "http://cdn.krxd.net/partnerjs/xdi/proxy.3d2100fd7107262ecb55ce6847f01fa5.html#!kxcid=ITcATbN4&kxt=http%3A%2F%2Fstats.nba.com&kxcl=cdn&kxp="
1508610023494	Marionette	DEBUG	Received DOM event "DOMContentLoaded" for "http://s.amazon-adsystem.com/iu3?cm3ppd=1&d=dtb-pub&csif=t&dl=ox_an&dcc=t"
1508610024339	Marionette	DEBUG	Received DOM event "pageshow" for "http://cdn.krxd.net/partnerjs/xdi/proxy.3d2100fd7107262ecb55ce6847f01fa5.html#!kxcid=ITcATbN4&kxt=http%3A%2F%2Fstats.nba.com&kxcl=cdn&kxp="
1508610024656	Marionette	DEBUG	Received DOM event "DOMContentLoaded" for "http://s.amazon-adsystem.com/v3/pr?exlist=ox_an&fv=1.0&a=cm&cm3ppd=1"
1508610025671	Marionette	DEBUG	Received DOM event "DOMContentLoaded" for "http://us-u.openx.net/w/1.0/cm?cc=1&id=e818ca1e-0c23-caa8-0dd3-096b0ada08b7&ph=2d1251ae-7f3a-47cf-bd2a-2f288854a0ba&plm=5&r=http%3A%2F%2Fs.amazon-adsystem.com%2Fecm3%3Fex%3Dopenx.com%26id%3D"
1508610025739	Marionette	DEBUG	Received DOM event "pageshow" for "http://s.amazon-adsystem.com/ecm3?id=117330833276949450&ex=appnexus.com"
1508610026894	Marionette	DEBUG	Received DOM event "pageshow" for "http://us-u.openx.net/w/1.0/cm?cc=1&id=e818ca1e-0c23-caa8-0dd3-096b0ada08b7&ph=2d1251ae-7f3a-47cf-bd2a-2f288854a0ba&plm=5&r=http%3A%2F%2Fs.amazon-adsystem.com%2Fecm3%3Fex%3Dopenx.com%26id%3D"
1508610026906	Marionette	DEBUG	Received DOM event "pageshow" for "http://s.amazon-adsystem.com/v3/pr?exlist=ox_an&fv=1.0&a=cm&cm3ppd=1"
1508610026916	Marionette	DEBUG	Received DOM event "pageshow" for "http://s.amazon-adsystem.com/iu3?cm3ppd=1&d=dtb-pub&csif=t&dl=ox_an&dcc=t"
1508610026944	Marionette	DEBUG	Received DOM event "pageshow" for "http://stats.nba.com/game/0021700001/"
1508610085864	geckodriver	INFO	geckodriver 0.19.0
1508610085883	geckodriver	INFO	Listening on 127.0.0.1:57373
1508610087689	mozrunner::runner	INFO	Running command: "/usr/bin/firefox" "-marionette" "-profile" "/tmp/rust_mozprofile.XYEa0te6bd9w"
1508610092721	Marionette	INFO	Enabled via --marionette
1508610102180	Marionette	INFO	Listening on port 33129
1508610102398	Marionette	WARN	TLS certificate errors will be ignored for this session
JavaScript error: chrome://marionette/content/server.js, line 337: NS_ERROR_SOCKET_ADDRESS_IN_USE: Component returned failure code: 0x804b0036 (NS_ERROR_SOCKET_ADDRESS_IN_USE) [nsIServerSocket.initSpecialConnection]
1508610102680	Marionette	DEBUG	loaded listener.js
1508610102915	Marionette	DEBUG	Received DOM event "beforeunload" for "about:blank"
1508610103178	Marionette	DEBUG	Received DOM event "pagehide" for "about:blank"
1508610103181	Marionette	DEBUG	Received DOM event "unload" for "about:blank"
1508610107174	Marionette	DEBUG	Received DOM event "DOMContentLoaded" for "http://stats.nba.com/game/0021700001/"
1508610120491	Marionette	DEBUG	Received DOM event "DOMContentLoaded" for "http://cdn.krxd.net/partnerjs/xdi/proxy.3d2100fd7107262ecb55ce6847f01fa5.html#!kxcid=ITcATbN4&kxt=http%3A%2F%2Fstats.nba.com&kxcl=cdn&kxp="
1508610120578	Marionette	DEBUG	Received DOM event "DOMContentLoaded" for "http://s.amazon-adsystem.com/iu3?cm3ppd=1&d=dtb-pub&csif=t&dl=ox_an&dcc=t"
1508610121025	Marionette	DEBUG	Received DOM event "DOMContentLoaded" for "http://s.amazon-adsystem.com/v3/pr?exlist=ox_an&fv=1.0&a=cm&cm3ppd=1"
1508610121815	Marionette	DEBUG	Received DOM event "pageshow" for "http://cdn.krxd.net/partnerjs/xdi/proxy.3d2100fd7107262ecb55ce6847f01fa5.html#!kxcid=ITcATbN4&kxt=http%3A%2F%2Fstats.nba.com&kxcl=cdn&kxp="
1508610122491	Marionette	DEBUG	Received DOM event "DOMContentLoaded" for "http://us-u.openx.net/w/1.0/cm?cc=1&id=e818ca1e-0c23-caa8-0dd3-096b0ada08b7&ph=2d1251ae-7f3a-47cf-bd2a-2f288854a0ba&plm=5&r=http%3A%2F%2Fs.amazon-adsystem.com%2Fecm3%3Fex%3Dopenx.com%26id%3D"
1508610122672	Marionette	DEBUG	Received DOM event "pageshow" for "http://s.amazon-adsystem.com/ecm3?id=6249502465009188816&ex=appnexus.com"
1508610123445	Marionette	DEBUG	Received DOM event "pageshow" for "http://us-u.openx.net/w/1.0/cm?cc=1&id=e818ca1e-0c23-caa8-0dd3-096b0ada08b7&ph=2d1251ae-7f3a-47cf-bd2a-2f288854a0ba&plm=5&r=http%3A%2F%2Fs.amazon-adsystem.com%2Fecm3%3Fex%3Dopenx.com%26id%3D"
1508610123454	Marionette	DEBUG	Received DOM event "pageshow" for "http://s.amazon-adsystem.com/v3/pr?exlist=ox_an&fv=1.0&a=cm&cm3ppd=1"
1508610123461	Marionette	DEBUG	Received DOM event "pageshow" for "http://s.amazon-adsystem.com/iu3?cm3ppd=1&d=dtb-pub&csif=t&dl=ox_an&dcc=t"
1508610123507	Marionette	DEBUG	Received DOM event "pageshow" for "http://stats.nba.com/game/0021700001/"
1508610261686	geckodriver	INFO	geckodriver 0.19.0
1508610261706	geckodriver	INFO	Listening on 127.0.0.1:38102
1508610263498	mozrunner::runner	INFO	Running command: "/usr/bin/firefox" "-marionette" "-profile" "/tmp/rust_mozprofile.osOCGgo7l6bI"
1508610267231	Marionette	INFO	Enabled via --marionette
1508610275888	Marionette	INFO	Listening on port 43493
JavaScript error: chrome://marionette/content/server.js, line 337: NS_ERROR_SOCKET_ADDRESS_IN_USE: Component returned failure code: 0x804b0036 (NS_ERROR_SOCKET_ADDRESS_IN_USE) [nsIServerSocket.initSpecialConnection]
1508610276024	Marionette	WARN	TLS certificate errors will be ignored for this session
1508610276470	Marionette	DEBUG	loaded listener.js
1508610276599	Marionette	DEBUG	Received DOM event "beforeunload" for "about:blank"
1508610277468	Marionette	DEBUG	Received DOM event "pagehide" for "about:blank"
1508610277470	Marionette	DEBUG	Received DOM event "unload" for "about:blank"
1508610282583	Marionette	DEBUG	Received DOM event "DOMContentLoaded" for "http://stats.nba.com/game/0021700001/"
1508610292506	Marionette	DEBUG	Received DOM event "DOMContentLoaded" for "http://cdn.krxd.net/partnerjs/xdi/proxy.3d2100fd7107262ecb55ce6847f01fa5.html#!kxcid=ITcATbN4&kxt=http%3A%2F%2Fstats.nba.com&kxcl=cdn&kxp="
1508610292924	Marionette	DEBUG	Received DOM event "DOMContentLoaded" for "http://s.amazon-adsystem.com/iu3?cm3ppd=1&d=dtb-pub&csif=t&dl=ox_an&dcc=t"
1508610293439	Marionette	DEBUG	Received DOM event "pageshow" for "http://cdn.krxd.net/partnerjs/xdi/proxy.3d2100fd7107262ecb55ce6847f01fa5.html#!kxcid=ITcATbN4&kxt=http%3A%2F%2Fstats.nba.com&kxcl=cdn&kxp="
1508610293643	Marionette	DEBUG	Received DOM event "DOMContentLoaded" for "http://s.amazon-adsystem.com/v3/pr?exlist=ox_an&fv=1.0&a=cm&cm3ppd=1"
1508610298621	Marionette	DEBUG	Received DOM event "DOMContentLoaded" for "http://us-u.openx.net/w/1.0/cm?cc=1&id=e818ca1e-0c23-caa8-0dd3-096b0ada08b7&ph=2d1251ae-7f3a-47cf-bd2a-2f288854a0ba&plm=5&r=http%3A%2F%2Fs.amazon-adsystem.com%2Fecm3%3Fex%3Dopenx.com%26id%3D"
1508610298882	Marionette	DEBUG	Received DOM event "pageshow" for "http://s.amazon-adsystem.com/ecm3?id=7039946172667112383&ex=appnexus.com"
1508610300787	Marionette	DEBUG	Received DOM event "pageshow" for "http://us-u.openx.net/w/1.0/cm?cc=1&id=e818ca1e-0c23-caa8-0dd3-096b0ada08b7&ph=2d1251ae-7f3a-47cf-bd2a-2f288854a0ba&plm=5&r=http%3A%2F%2Fs.amazon-adsystem.com%2Fecm3%3Fex%3Dopenx.com%26id%3D"
1508610300803	Marionette	DEBUG	Received DOM event "pageshow" for "http://s.amazon-adsystem.com/v3/pr?exlist=ox_an&fv=1.0&a=cm&cm3ppd=1"
1508610300811	Marionette	DEBUG	Received DOM event "pageshow" for "http://s.amazon-adsystem.com/iu3?cm3ppd=1&d=dtb-pub&csif=t&dl=ox_an&dcc=t"
1508610302973	Marionette	DEBUG	Received DOM event "pageshow" for "http://stats.nba.com/game/0021700001/"
1508610451432	geckodriver	INFO	geckodriver 0.19.0
1508610451451	geckodriver	INFO	Listening on 127.0.0.1:50882
1508610453248	mozrunner::runner	INFO	Running command: "/usr/bin/firefox" "-marionette" "-profile" "/tmp/rust_mozprofile.C49ChW3R8XNq"
1508610456959	Marionette	INFO	Enabled via --marionette
1508610465676	Marionette	INFO	Listening on port 40372
1508610465806	Marionette	WARN	TLS certificate errors will be ignored for this session
1508610466198	Marionette	DEBUG	loaded listener.js
JavaScript error: chrome://marionette/content/server.js, line 337: NS_ERROR_SOCKET_ADDRESS_IN_USE: Component returned failure code: 0x804b0036 (NS_ERROR_SOCKET_ADDRESS_IN_USE) [nsIServerSocket.initSpecialConnection]
1508610466350	Marionette	DEBUG	Received DOM event "beforeunload" for "about:blank"
1508610466818	Marionette	DEBUG	Received DOM event "pagehide" for "about:blank"
1508610466821	Marionette	DEBUG	Received DOM event "unload" for "about:blank"
1508610470438	Marionette	DEBUG	Received DOM event "DOMContentLoaded" for "http://stats.nba.com/game/0021700001/"
1508610484068	Marionette	DEBUG	Received DOM event "DOMContentLoaded" for "http://s.amazon-adsystem.com/iu3?cm3ppd=1&d=dtb-pub&csif=t&dl=ox_an&dcc=t"
1508610484103	Marionette	DEBUG	Received DOM event "DOMContentLoaded" for "http://cdn.krxd.net/partnerjs/xdi/proxy.3d2100fd7107262ecb55ce6847f01fa5.html#!kxcid=ITcATbN4&kxt=http%3A%2F%2Fstats.nba.com&kxcl=cdn&kxp="
1508610484167	Marionette	DEBUG	Received DOM event "DOMContentLoaded" for "http://s.amazon-adsystem.com/v3/pr?exlist=ox_an&fv=1.0&a=cm&cm3ppd=1"
1508610484916	Marionette	DEBUG	Received DOM event "pageshow" for "http://cdn.krxd.net/partnerjs/xdi/proxy.3d2100fd7107262ecb55ce6847f01fa5.html#!kxcid=ITcATbN4&kxt=http%3A%2F%2Fstats.nba.com&kxcl=cdn&kxp="
1508610485299	Marionette	DEBUG	Received DOM event "pageshow" for "http://s.amazon-adsystem.com/ecm3?id=6810551435008801828&ex=appnexus.com"
1508610485351	Marionette	DEBUG	Received DOM event "DOMContentLoaded" for "http://us-u.openx.net/w/1.0/cm?cc=1&id=e818ca1e-0c23-caa8-0dd3-096b0ada08b7&ph=2d1251ae-7f3a-47cf-bd2a-2f288854a0ba&plm=5&r=http%3A%2F%2Fs.amazon-adsystem.com%2Fecm3%3Fex%3Dopenx.com%26id%3D"
1508610487656	Marionette	DEBUG	Received DOM event "pageshow" for "http://us-u.openx.net/w/1.0/cm?cc=1&id=e818ca1e-0c23-caa8-0dd3-096b0ada08b7&ph=2d1251ae-7f3a-47cf-bd2a-2f288854a0ba&plm=5&r=http%3A%2F%2Fs.amazon-adsystem.com%2Fecm3%3Fex%3Dopenx.com%26id%3D"
1508610487663	Marionette	DEBUG	Received DOM event "pageshow" for "http://s.amazon-adsystem.com/v3/pr?exlist=ox_an&fv=1.0&a=cm&cm3ppd=1"
1508610487673	Marionette	DEBUG	Received DOM event "pageshow" for "http://s.amazon-adsystem.com/iu3?cm3ppd=1&d=dtb-pub&csif=t&dl=ox_an&dcc=t"
1508610488887	Marionette	DEBUG	Received DOM event "pageshow" for "http://stats.nba.com/game/0021700001/"
